{
    "application":  [
                        {
                            "time":  "2026-10-01T00:08:20.7509149+08:00",
                            "xml":  "\u003cEvent xmlns=\u0027http://schemas.microsoft.com/win/2004/08/events/event\u0027\u003e\u003cSystem\u003e\u003cProvider Name=\u0027Windows Error Reporting\u0027/\u003e\u003cEventID Qualifiers=\u00270\u0027\u003e1001\u003c/EventID\u003e\u003cLevel\u003e4\u003c/Level\u003e\u003cTask\u003e0\u003c/Task\u003e\u003cKeywords\u003e0x80000000000000\u003c/Keywords\u003e\u003cTimeCreated SystemTime=\u00272026-09-30T16:08:20.750914900Z\u0027/\u003e\u003cEventRecordID\u003e43244\u003c/EventRecordID\u003e\u003cChannel\u003eApplication\u003c/Channel\u003e\u003cComputer\u003eDESKTOP-C4FOPGI\u003c/Computer\u003e\u003cSecurity/\u003e\u003c/System\u003e\u003cEventData\u003e\u003cData\u003e1571454401763637985\u003c/Data\u003e\u003cData\u003e4\u003c/Data\u003e\u003cData\u003eAPPCRASH\u003c/Data\u003e\u003cData\u003e不可用\u003c/Data\u003e\u003cData\u003e0\u003c/Data\u003e\u003cData\u003epython.exe\u003c/Data\u003e\u003cData\u003e3.10.20150.1013\u003c/Data\u003e\u003cData\u003e69a9b1b7\u003c/Data\u003e\u003cData\u003envcuda64.dll\u003c/Data\u003e\u003cData\u003e32.0.16.1656\u003c/Data\u003e\u003cData\u003e6a871790\u003c/Data\u003e\u003cData\u003e80000003\u003c/Data\u003e\u003cData\u003e00000000000d4efa\u003c/Data\u003e\u003cData\u003e\u003c/Data\u003e\u003cData\u003e\u003c/Data\u003e\u003cData\u003e\r\n\\\\?\\C:\\ProgramData\\Microsoft\\Windows\\WER\\Temp\\WER3548.tmp.dmp\r\n\\\\?\\C:\\ProgramData\\Microsoft\\Windows\\WER\\Temp\\WER3828.tmp.WERInternalMetadata.xml\r\n\\\\?\\C:\\ProgramData\\Microsoft\\Windows\\WER\\Temp\\WER3838.tmp.xml\u003c/Data\u003e\u003cData\u003e\\\\?\\C:\\ProgramData\\Microsoft\\Windows\\WER\\ReportArchive\\AppCrash_python.exe_9de726c46c6511d445f358bc9182d3bcf44260_e3074f57_6bdc4228-979c-44ca-bc28-c9453a908ea6\u003c/Data\u003e\u003cData\u003e\u003c/Data\u003e\u003cData\u003e0\u003c/Data\u003e\u003cData\u003e8bead156-0738-4b74-a417-8fff7d08612f\u003c/Data\u003e\u003cData\u003e268435456\u003c/Data\u003e\u003cData\u003e3b7b06c0745d25e1e5ceed73d5d87ae1\u003c/Data\u003e\u003cData\u003e0\u003c/Data\u003e\u003c/EventData\u003e\u003c/Event\u003e",
                            "id":  1001
                        },
                        {
                            "time":  "2026-10-01T00:08:17.6925759+08:00",
                            "xml":  "\u003cEvent xmlns=\u0027http://schemas.microsoft.com/win/2004/08/events/event\u0027\u003e\u003cSystem\u003e\u003cProvider Name=\u0027Application Error\u0027/\u003e\u003cEventID Qualifiers=\u00270\u0027\u003e1000\u003c/EventID\u003e\u003cLevel\u003e2\u003c/Level\u003e\u003cTask\u003e100\u003c/Task\u003e\u003cKeywords\u003e0x80000000000000\u003c/Keywords\u003e\u003cTimeCreated SystemTime=\u00272026-09-30T16:08:17.692575900Z\u0027/\u003e\u003cEventRecordID\u003e43243\u003c/EventRecordID\u003e\u003cChannel\u003eApplication\u003c/Channel\u003e\u003cComputer\u003eDESKTOP-C4FOPGI\u003c/Computer\u003e\u003cSecurity/\u003e\u003c/System\u003e\u003cEventData\u003e\u003cData\u003epython.exe\u003c/Data\u003e\u003cData\u003e3.10.20150.1013\u003c/Data\u003e\u003cData\u003e69a9b1b7\u003c/Data\u003e\u003cData\u003envcuda64.dll\u003c/Data\u003e\u003cData\u003e32.0.16.1656\u003c/Data\u003e\u003cData\u003e6a871790\u003c/Data\u003e\u003cData\u003e80000003\u003c/Data\u003e\u003cData\u003e00000000000d4efa\u003c/Data\u003e\u003cData\u003e4218\u003c/Data\u003e\u003cData\u003e01dd50f57747db80\u003c/Data\u003e\u003cData\u003eE:\\Anaconda\\envs\\persist_stable_251\\python.exe\u003c/Data\u003e\u003cData\u003eC:\\Windows\\system32\\DriverStore\\FileRepository\\nv_dispsi.inf_amd64_8117bef9bb5edac9\\nvcuda64.dll\u003c/Data\u003e\u003cData\u003e8bead156-0738-4b74-a417-8fff7d08612f\u003c/Data\u003e\u003cData\u003e\u003c/Data\u003e\u003cData\u003e\u003c/Data\u003e\u003c/EventData\u003e\u003c/Event\u003e",
                            "id":  1000
                        },
                        {
                            "time":  "2026-09-30T23:54:53.4531782+08:00",
                            "xml":  "\u003cEvent xmlns=\u0027http://schemas.microsoft.com/win/2004/08/events/event\u0027\u003e\u003cSystem\u003e\u003cProvider Name=\u0027Windows Error Reporting\u0027/\u003e\u003cEventID Qualifiers=\u00270\u0027\u003e1001\u003c/EventID\u003e\u003cLevel\u003e4\u003c/Level\u003e\u003cTask\u003e0\u003c/Task\u003e\u003cKeywords\u003e0x80000000000000\u003c/Keywords\u003e\u003cTimeCreated SystemTime=\u00272026-09-30T15:54:53.453178200Z\u0027/\u003e\u003cEventRecordID\u003e43242\u003c/EventRecordID\u003e\u003cChannel\u003eApplication\u003c/Channel\u003e\u003cComputer\u003eDESKTOP-C4FOPGI\u003c/Computer\u003e\u003cSecurity/\u003e\u003c/System\u003e\u003cEventData\u003e\u003cData\u003e1713262333892317649\u003c/Data\u003e\u003cData\u003e4\u003c/Data\u003e\u003cData\u003eAPPCRASH\u003c/Data\u003e\u003cData\u003e不可用\u003c/Data\u003e\u003cData\u003e0\u003c/Data\u003e\u003cData\u003epython.exe\u003c/Data\u003e\u003cData\u003e3.10.20150.1013\u003c/Data\u003e\u003cData\u003e69a9b1b7\u003c/Data\u003e\u003cData\u003ecublasLt64_12.dll\u003c/Data\u003e\u003cData\u003e6.14.11.1284\u003c/Data\u003e\u003cData\u003e67be17ed\u003c/Data\u003e\u003cData\u003ec0000005\u003c/Data\u003e\u003cData\u003e00000000034c31f4\u003c/Data\u003e\u003cData\u003e\u003c/Data\u003e\u003cData\u003e\u003c/Data\u003e\u003cData\u003e\r\n\\\\?\\C:\\ProgramData\\Microsoft\\Windows\\WER\\Temp\\WERE5BC.tmp.dmp\r\n\\\\?\\C:\\ProgramData\\Microsoft\\Windows\\WER\\Temp\\WERE63A.tmp.WERInternalMetadata.xml\r\n\\\\?\\C:\\ProgramData\\Microsoft\\Windows\\WER\\Temp\\WERE63B.tmp.xml\u003c/Data\u003e\u003cData\u003e\\\\?\\C:\\ProgramData\\Microsoft\\Windows\\WER\\ReportArchive\\AppCrash_python.exe_ef6b8ed8bbcff68933c10f3e9b3617746a184da_e3074f57_5d8652fa-e39f-4e17-ae58-378e7e484484\u003c/Data\u003e\u003cData\u003e\u003c/Data\u003e\u003cData\u003e0\u003c/Data\u003e\u003cData\u003e988add8a-3c3e-4582-bd47-540889864bb7\u003c/Data\u003e\u003cData\u003e268435456\u003c/Data\u003e\u003cData\u003e073ae1a2689ffb89f7c6bb03f2b551d1\u003c/Data\u003e\u003cData\u003e0\u003c/Data\u003e\u003c/EventData\u003e\u003c/Event\u003e",
                            "id":  1001
                        },
                        {
                            "time":  "2026-09-30T23:54:51.0518979+08:00",
                            "xml":  "\u003cEvent xmlns=\u0027http://schemas.microsoft.com/win/2004/08/events/event\u0027\u003e\u003cSystem\u003e\u003cProvider Name=\u0027Application Error\u0027/\u003e\u003cEventID Qualifiers=\u00270\u0027\u003e1000\u003c/EventID\u003e\u003cLevel\u003e2\u003c/Level\u003e\u003cTask\u003e100\u003c/Task\u003e\u003cKeywords\u003e0x80000000000000\u003c/Keywords\u003e\u003cTimeCreated SystemTime=\u00272026-09-30T15:54:51.051897900Z\u0027/\u003e\u003cEventRecordID\u003e43241\u003c/EventRecordID\u003e\u003cChannel\u003eApplication\u003c/Channel\u003e\u003cComputer\u003eDESKTOP-C4FOPGI\u003c/Computer\u003e\u003cSecurity/\u003e\u003c/System\u003e\u003cEventData\u003e\u003cData\u003epython.exe\u003c/Data\u003e\u003cData\u003e3.10.20150.1013\u003c/Data\u003e\u003cData\u003e69a9b1b7\u003c/Data\u003e\u003cData\u003ecublasLt64_12.dll\u003c/Data\u003e\u003cData\u003e6.14.11.1284\u003c/Data\u003e\u003cData\u003e67be17ed\u003c/Data\u003e\u003cData\u003ec0000005\u003c/Data\u003e\u003cData\u003e00000000034c31f4\u003c/Data\u003e\u003cData\u003e9464\u003c/Data\u003e\u003cData\u003e01dd50f3b01d82c0\u003c/Data\u003e\u003cData\u003eE:\\Anaconda\\envs\\Benchmark_TTA_Win\\python.exe\u003c/Data\u003e\u003cData\u003eE:\\Anaconda\\envs\\Benchmark_TTA_Win\\lib\\site-packages\\torch\\lib\\cublasLt64_12.dll\u003c/Data\u003e\u003cData\u003e988add8a-3c3e-4582-bd47-540889864bb7\u003c/Data\u003e\u003cData\u003e\u003c/Data\u003e\u003cData\u003e\u003c/Data\u003e\u003c/EventData\u003e\u003c/Event\u003e",
                            "id":  1000
                        },
                        {
                            "time":  "2026-09-30T23:17:09.8799093+08:00",
                            "xml":  "\u003cEvent xmlns=\u0027http://schemas.microsoft.com/win/2004/08/events/event\u0027\u003e\u003cSystem\u003e\u003cProvider Name=\u0027Windows Error Reporting\u0027/\u003e\u003cEventID Qualifiers=\u00270\u0027\u003e1001\u003c/EventID\u003e\u003cLevel\u003e4\u003c/Level\u003e\u003cTask\u003e0\u003c/Task\u003e\u003cKeywords\u003e0x80000000000000\u003c/Keywords\u003e\u003cTimeCreated SystemTime=\u00272026-09-30T15:17:09.879909300Z\u0027/\u003e\u003cEventRecordID\u003e43240\u003c/EventRecordID\u003e\u003cChannel\u003eApplication\u003c/Channel\u003e\u003cComputer\u003eDESKTOP-C4FOPGI\u003c/Computer\u003e\u003cSecurity/\u003e\u003c/System\u003e\u003cEventData\u003e\u003cData\u003e1945425442034633959\u003c/Data\u003e\u003cData\u003e4\u003c/Data\u003e\u003cData\u003eAPPCRASH\u003c/Data\u003e\u003cData\u003e不可用\u003c/Data\u003e\u003cData\u003e0\u003c/Data\u003e\u003cData\u003epython.exe\u003c/Data\u003e\u003cData\u003e3.10.20150.1013\u003c/Data\u003e\u003cData\u003e69a9b1b7\u003c/Data\u003e\u003cData\u003etorch_cpu.dll\u003c/Data\u003e\u003cData\u003e0.0.0.0\u003c/Data\u003e\u003cData\u003e69be183e\u003c/Data\u003e\u003cData\u003ec0000005\u003c/Data\u003e\u003cData\u003e00000000060d9d8f\u003c/Data\u003e\u003cData\u003e\u003c/Data\u003e\u003cData\u003e\u003c/Data\u003e\u003cData\u003e\r\n\\\\?\\C:\\ProgramData\\Microsoft\\Windows\\WER\\Temp\\WER5CCA.tmp.dmp\r\n\\\\?\\C:\\ProgramData\\Microsoft\\Windows\\WER\\Temp\\WER5D29.tmp.WERInternalMetadata.xml\r\n\\\\?\\C:\\ProgramData\\Microsoft\\Windows\\WER\\Temp\\WER5D3A.tmp.xml\u003c/Data\u003e\u003cData\u003e\\\\?\\C:\\ProgramData\\Microsoft\\Windows\\WER\\ReportArchive\\AppCrash_python.exe_76a4371564c6ae6518e62821784f08e24ed96bd_e3074f57_cba0818e-d34f-4c81-86aa-f5aa5b214627\u003c/Data\u003e\u003cData\u003e\u003c/Data\u003e\u003cData\u003e0\u003c/Data\u003e\u003cData\u003e2ad169b1-98b2-423f-9530-18e6b8eaff86\u003c/Data\u003e\u003cData\u003e268435456\u003c/Data\u003e\u003cData\u003ea68eda634e9beb3f7aff8a21d97b4ce7\u003c/Data\u003e\u003cData\u003e0\u003c/Data\u003e\u003c/EventData\u003e\u003c/Event\u003e",
                            "id":  1001
                        },
                        {
                            "time":  "2026-09-30T23:17:07.7783968+08:00",
                            "xml":  "\u003cEvent xmlns=\u0027http://schemas.microsoft.com/win/2004/08/events/event\u0027\u003e\u003cSystem\u003e\u003cProvider Name=\u0027Application Error\u0027/\u003e\u003cEventID Qualifiers=\u00270\u0027\u003e1000\u003c/EventID\u003e\u003cLevel\u003e2\u003c/Level\u003e\u003cTask\u003e100\u003c/Task\u003e\u003cKeywords\u003e0x80000000000000\u003c/Keywords\u003e\u003cTimeCreated SystemTime=\u00272026-09-30T15:17:07.778396800Z\u0027/\u003e\u003cEventRecordID\u003e43239\u003c/EventRecordID\u003e\u003cChannel\u003eApplication\u003c/Channel\u003e\u003cComputer\u003eDESKTOP-C4FOPGI\u003c/Computer\u003e\u003cSecurity/\u003e\u003c/System\u003e\u003cEventData\u003e\u003cData\u003epython.exe\u003c/Data\u003e\u003cData\u003e3.10.20150.1013\u003c/Data\u003e\u003cData\u003e69a9b1b7\u003c/Data\u003e\u003cData\u003etorch_cpu.dll\u003c/Data\u003e\u003cData\u003e0.0.0.0\u003c/Data\u003e\u003cData\u003e69be183e\u003c/Data\u003e\u003cData\u003ec0000005\u003c/Data\u003e\u003cData\u003e00000000060d9d8f\u003c/Data\u003e\u003cData\u003e5ed4\u003c/Data\u003e\u003cData\u003e01dd50ee45f08d21\u003c/Data\u003e\u003cData\u003eE:\\Anaconda\\envs\\Benchmark_TTA_Win\\python.exe\u003c/Data\u003e\u003cData\u003eE:\\Anaconda\\envs\\Benchmark_TTA_Win\\lib\\site-packages\\torch\\lib\\torch_cpu.dll\u003c/Data\u003e\u003cData\u003e2ad169b1-98b2-423f-9530-18e6b8eaff86\u003c/Data\u003e\u003cData\u003e\u003c/Data\u003e\u003cData\u003e\u003c/Data\u003e\u003c/EventData\u003e\u003c/Event\u003e",
                            "id":  1000
                        },
                        {
                            "time":  "2026-09-30T22:35:11.4053477+08:00",
                            "xml":  "\u003cEvent xmlns=\u0027http://schemas.microsoft.com/win/2004/08/events/event\u0027\u003e\u003cSystem\u003e\u003cProvider Name=\u0027Windows Error Reporting\u0027/\u003e\u003cEventID Qualifiers=\u00270\u0027\u003e1001\u003c/EventID\u003e\u003cLevel\u003e4\u003c/Level\u003e\u003cTask\u003e0\u003c/Task\u003e\u003cKeywords\u003e0x80000000000000\u003c/Keywords\u003e\u003cTimeCreated SystemTime=\u00272026-09-30T14:35:11.405347700Z\u0027/\u003e\u003cEventRecordID\u003e43238\u003c/EventRecordID\u003e\u003cChannel\u003eApplication\u003c/Channel\u003e\u003cComputer\u003eDESKTOP-C4FOPGI\u003c/Computer\u003e\u003cSecurity/\u003e\u003c/System\u003e\u003cEventData\u003e\u003cData\u003e1691086837336308045\u003c/Data\u003e\u003cData\u003e4\u003c/Data\u003e\u003cData\u003eAPPCRASH\u003c/Data\u003e\u003cData\u003e不可用\u003c/Data\u003e\u003cData\u003e0\u003c/Data\u003e\u003cData\u003epython.exe\u003c/Data\u003e\u003cData\u003e3.11.9150.1013\u003c/Data\u003e\u003cData\u003e660bda91\u003c/Data\u003e\u003cData\u003epython311.dll\u003c/Data\u003e\u003cData\u003e3.11.9150.1013\u003c/Data\u003e\u003cData\u003e660bda4f\u003c/Data\u003e\u003cData\u003ec0000005\u003c/Data\u003e\u003cData\u003e0000000000081160\u003c/Data\u003e\u003cData\u003e\u003c/Data\u003e\u003cData\u003e\u003c/Data\u003e\u003cData\u003e\r\n\\\\?\\C:\\ProgramData\\Microsoft\\Windows\\WER\\Temp\\WERE8CC.tmp.dmp\r\n\\\\?\\C:\\ProgramData\\Microsoft\\Windows\\WER\\Temp\\WEREFF1.tmp.WERInternalMetadata.xml\r\n\\\\?\\C:\\ProgramData\\Microsoft\\Windows\\WER\\Temp\\WERF002.tmp.xml\u003c/Data\u003e\u003cData\u003e\\\\?\\C:\\ProgramData\\Microsoft\\Windows\\WER\\ReportArchive\\AppCrash_python.exe_b21d5c565d3bca938df1122d63e72138867a_ffcdfcec_46716e4e-94eb-4d3d-88bc-6532aea66c6c\u003c/Data\u003e\u003cData\u003e\u003c/Data\u003e\u003cData\u003e0\u003c/Data\u003e\u003cData\u003e739238ba-6450-403a-936d-d9d8ef4ca2f9\u003c/Data\u003e\u003cData\u003e268435456\u003c/Data\u003e\u003cData\u003ec67a3f3379e5d18ef777f284cfc4f94d\u003c/Data\u003e\u003cData\u003e0\u003c/Data\u003e\u003c/EventData\u003e\u003c/Event\u003e",
                            "id":  1001
                        },
                        {
                            "time":  "2026-09-30T22:35:07.0951124+08:00",
                            "xml":  "\u003cEvent xmlns=\u0027http://schemas.microsoft.com/win/2004/08/events/event\u0027\u003e\u003cSystem\u003e\u003cProvider Name=\u0027Application Error\u0027/\u003e\u003cEventID Qualifiers=\u00270\u0027\u003e1000\u003c/EventID\u003e\u003cLevel\u003e2\u003c/Level\u003e\u003cTask\u003e100\u003c/Task\u003e\u003cKeywords\u003e0x80000000000000\u003c/Keywords\u003e\u003cTimeCreated SystemTime=\u00272026-09-30T14:35:07.095112400Z\u0027/\u003e\u003cEventRecordID\u003e43237\u003c/EventRecordID\u003e\u003cChannel\u003eApplication\u003c/Channel\u003e\u003cComputer\u003eDESKTOP-C4FOPGI\u003c/Computer\u003e\u003cSecurity/\u003e\u003c/System\u003e\u003cEventData\u003e\u003cData\u003epython.exe\u003c/Data\u003e\u003cData\u003e3.11.9150.1013\u003c/Data\u003e\u003cData\u003e660bda91\u003c/Data\u003e\u003cData\u003epython311.dll\u003c/Data\u003e\u003cData\u003e3.11.9150.1013\u003c/Data\u003e\u003cData\u003e660bda4f\u003c/Data\u003e\u003cData\u003ec0000005\u003c/Data\u003e\u003cData\u003e0000000000081160\u003c/Data\u003e\u003cData\u003e87d8\u003c/Data\u003e\u003cData\u003e01dd50e8ba94b55d\u003c/Data\u003e\u003cData\u003eC:\\Users\\fyl412\\AppData\\Local\\Programs\\Python\\Python311\\python.exe\u003c/Data\u003e\u003cData\u003eC:\\Users\\fyl412\\AppData\\Local\\Programs\\Python\\Python311\\python311.dll\u003c/Data\u003e\u003cData\u003e739238ba-6450-403a-936d-d9d8ef4ca2f9\u003c/Data\u003e\u003cData\u003e\u003c/Data\u003e\u003cData\u003e\u003c/Data\u003e\u003c/EventData\u003e\u003c/Event\u003e",
                            "id":  1000
                        },
                        {
                            "time":  "2026-09-30T21:03:25.4833443+08:00",
                            "xml":  "\u003cEvent xmlns=\u0027http://schemas.microsoft.com/win/2004/08/events/event\u0027\u003e\u003cSystem\u003e\u003cProvider Name=\u0027Windows Error Reporting\u0027/\u003e\u003cEventID Qualifiers=\u00270\u0027\u003e1001\u003c/EventID\u003e\u003cLevel\u003e4\u003c/Level\u003e\u003cTask\u003e0\u003c/Task\u003e\u003cKeywords\u003e0x80000000000000\u003c/Keywords\u003e\u003cTimeCreated SystemTime=\u00272026-09-30T13:03:25.483344300Z\u0027/\u003e\u003cEventRecordID\u003e43234\u003c/EventRecordID\u003e\u003cChannel\u003eApplication\u003c/Channel\u003e\u003cComputer\u003eDESKTOP-C4FOPGI\u003c/Computer\u003e\u003cSecurity/\u003e\u003c/System\u003e\u003cEventData\u003e\u003cData\u003e1812652885426866672\u003c/Data\u003e\u003cData\u003e4\u003c/Data\u003e\u003cData\u003eAPPCRASH\u003c/Data\u003e\u003cData\u003e不可用\u003c/Data\u003e\u003cData\u003e0\u003c/Data\u003e\u003cData\u003epython.exe\u003c/Data\u003e\u003cData\u003e3.11.9150.1013\u003c/Data\u003e\u003cData\u003e660bda91\u003c/Data\u003e\u003cData\u003epython311.dll\u003c/Data\u003e\u003cData\u003e3.11.9150.1013\u003c/Data\u003e\u003cData\u003e660bda4f\u003c/Data\u003e\u003cData\u003ec0000005\u003c/Data\u003e\u003cData\u003e000000000004b8f6\u003c/Data\u003e\u003cData\u003e\u003c/Data\u003e\u003cData\u003e\u003c/Data\u003e\u003cData\u003e\r\n\\\\?\\C:\\ProgramData\\Microsoft\\Windows\\WER\\Temp\\WERE4AE.tmp.dmp\r\n\\\\?\\C:\\ProgramData\\Microsoft\\Windows\\WER\\Temp\\WERE53B.tmp.WERInternalMetadata.xml\r\n\\\\?\\C:\\ProgramData\\Microsoft\\Windows\\WER\\Temp\\WERE53C.tmp.xml\u003c/Data\u003e\u003cData\u003e\\\\?\\C:\\ProgramData\\Microsoft\\Windows\\WER\\ReportArchive\\AppCrash_python.exe_f4672d37175faf0df2acde3ffb47a8872b164d3_ffcdfcec_bd1991b1-6c63-48f0-b771-9f11f2e48fe3\u003c/Data\u003e\u003cData\u003e\u003c/Data\u003e\u003cData\u003e0\u003c/Data\u003e\u003cData\u003ec8b9135d-7458-445e-9be3-2d0f24d46486\u003c/Data\u003e\u003cData\u003e268435456\u003c/Data\u003e\u003cData\u003e08e284b072031dbb9927d63208f489f0\u003c/Data\u003e\u003cData\u003e0\u003c/Data\u003e\u003c/EventData\u003e\u003c/Event\u003e",
                            "id":  1001
                        },
                        {
                            "time":  "2026-09-30T21:03:23.2282735+08:00",
                            "xml":  "\u003cEvent xmlns=\u0027http://schemas.microsoft.com/win/2004/08/events/event\u0027\u003e\u003cSystem\u003e\u003cProvider Name=\u0027Application Error\u0027/\u003e\u003cEventID Qualifiers=\u00270\u0027\u003e1000\u003c/EventID\u003e\u003cLevel\u003e2\u003c/Level\u003e\u003cTask\u003e100\u003c/Task\u003e\u003cKeywords\u003e0x80000000000000\u003c/Keywords\u003e\u003cTimeCreated SystemTime=\u00272026-09-30T13:03:23.228273500Z\u0027/\u003e\u003cEventRecordID\u003e43233\u003c/EventRecordID\u003e\u003cChannel\u003eApplication\u003c/Channel\u003e\u003cComputer\u003eDESKTOP-C4FOPGI\u003c/Computer\u003e\u003cSecurity/\u003e\u003c/System\u003e\u003cEventData\u003e\u003cData\u003epython.exe\u003c/Data\u003e\u003cData\u003e3.11.9150.1013\u003c/Data\u003e\u003cData\u003e660bda91\u003c/Data\u003e\u003cData\u003epython311.dll\u003c/Data\u003e\u003cData\u003e3.11.9150.1013\u003c/Data\u003e\u003cData\u003e660bda4f\u003c/Data\u003e\u003cData\u003ec0000005\u003c/Data\u003e\u003cData\u003e000000000004b8f6\u003c/Data\u003e\u003cData\u003e843c\u003c/Data\u003e\u003cData\u003e01dd50dc0f1a41db\u003c/Data\u003e\u003cData\u003eC:\\Users\\fyl412\\AppData\\Local\\Programs\\Python\\Python311\\python.exe\u003c/Data\u003e\u003cData\u003eC:\\Users\\fyl412\\AppData\\Local\\Programs\\Python\\Python311\\python311.dll\u003c/Data\u003e\u003cData\u003ec8b9135d-7458-445e-9be3-2d0f24d46486\u003c/Data\u003e\u003cData\u003e\u003c/Data\u003e\u003cData\u003e\u003c/Data\u003e\u003c/EventData\u003e\u003c/Event\u003e",
                            "id":  1000
                        },
                        {
                            "time":  "2026-09-30T20:26:23.5735677+08:00",
                            "xml":  "\u003cEvent xmlns=\u0027http://schemas.microsoft.com/win/2004/08/events/event\u0027\u003e\u003cSystem\u003e\u003cProvider Name=\u0027Windows Error Reporting\u0027/\u003e\u003cEventID Qualifiers=\u00270\u0027\u003e1001\u003c/EventID\u003e\u003cLevel\u003e4\u003c/Level\u003e\u003cTask\u003e0\u003c/Task\u003e\u003cKeywords\u003e0x80000000000000\u003c/Keywords\u003e\u003cTimeCreated SystemTime=\u00272026-09-30T12:26:23.573567700Z\u0027/\u003e\u003cEventRecordID\u003e43232\u003c/EventRecordID\u003e\u003cChannel\u003eApplication\u003c/Channel\u003e\u003cComputer\u003eDESKTOP-C4FOPGI\u003c/Computer\u003e\u003cSecurity/\u003e\u003c/System\u003e\u003cEventData\u003e\u003cData\u003e2212346831018803812\u003c/Data\u003e\u003cData\u003e4\u003c/Data\u003e\u003cData\u003eAPPCRASH\u003c/Data\u003e\u003cData\u003e不可用\u003c/Data\u003e\u003cData\u003e0\u003c/Data\u003e\u003cData\u003epython.exe\u003c/Data\u003e\u003cData\u003e3.11.9150.1013\u003c/Data\u003e\u003cData\u003e660bda91\u003c/Data\u003e\u003cData\u003epython311.dll\u003c/Data\u003e\u003cData\u003e3.11.9150.1013\u003c/Data\u003e\u003cData\u003e660bda4f\u003c/Data\u003e\u003cData\u003ec0000005\u003c/Data\u003e\u003cData\u003e00000000000d6afe\u003c/Data\u003e\u003cData\u003e\u003c/Data\u003e\u003cData\u003e\u003c/Data\u003e\u003cData\u003e\r\n\\\\?\\C:\\ProgramData\\Microsoft\\Windows\\WER\\Temp\\WERFF11.tmp.dmp\r\n\\\\?\\C:\\ProgramData\\Microsoft\\Windows\\WER\\Temp\\WERFF60.tmp.WERInternalMetadata.xml\r\n\\\\?\\C:\\ProgramData\\Microsoft\\Windows\\WER\\Temp\\WERFF61.tmp.xml\u003c/Data\u003e\u003cData\u003e\\\\?\\C:\\ProgramData\\Microsoft\\Windows\\WER\\ReportArchive\\AppCrash_python.exe_b81a178dd7a13156aed8c17428c15f5f28a2e1e_ffcdfcec_605d925c-1961-4b12-84ff-e14988c8c93a\u003c/Data\u003e\u003cData\u003e\u003c/Data\u003e\u003cData\u003e0\u003c/Data\u003e\u003cData\u003e356e2cc0-d669-4e78-af21-b993fd9cf8b0\u003c/Data\u003e\u003cData\u003e268435456\u003c/Data\u003e\u003cData\u003e1b1eb2536f1b3ded5eb3d5b8a6d64264\u003c/Data\u003e\u003cData\u003e0\u003c/Data\u003e\u003c/EventData\u003e\u003c/Event\u003e",
                            "id":  1001
                        },
                        {
                            "time":  "2026-09-30T20:26:21.6252928+08:00",
                            "xml":  "\u003cEvent xmlns=\u0027http://schemas.microsoft.com/win/2004/08/events/event\u0027\u003e\u003cSystem\u003e\u003cProvider Name=\u0027Application Error\u0027/\u003e\u003cEventID Qualifiers=\u00270\u0027\u003e1000\u003c/EventID\u003e\u003cLevel\u003e2\u003c/Level\u003e\u003cTask\u003e100\u003c/Task\u003e\u003cKeywords\u003e0x80000000000000\u003c/Keywords\u003e\u003cTimeCreated SystemTime=\u00272026-09-30T12:26:21.625292800Z\u0027/\u003e\u003cEventRecordID\u003e43231\u003c/EventRecordID\u003e\u003cChannel\u003eApplication\u003c/Channel\u003e\u003cComputer\u003eDESKTOP-C4FOPGI\u003c/Computer\u003e\u003cSecurity/\u003e\u003c/System\u003e\u003cEventData\u003e\u003cData\u003epython.exe\u003c/Data\u003e\u003cData\u003e3.11.9150.1013\u003c/Data\u003e\u003cData\u003e660bda91\u003c/Data\u003e\u003cData\u003epython311.dll\u003c/Data\u003e\u003cData\u003e3.11.9150.1013\u003c/Data\u003e\u003cData\u003e660bda4f\u003c/Data\u003e\u003cData\u003ec0000005\u003c/Data\u003e\u003cData\u003e00000000000d6afe\u003c/Data\u003e\u003cData\u003e2cb8\u003c/Data\u003e\u003cData\u003e01dd50d6e63b8b69\u003c/Data\u003e\u003cData\u003eC:\\Users\\fyl412\\AppData\\Local\\Programs\\Python\\Python311\\python.exe\u003c/Data\u003e\u003cData\u003eC:\\Users\\fyl412\\AppData\\Local\\Programs\\Python\\Python311\\python311.dll\u003c/Data\u003e\u003cData\u003e356e2cc0-d669-4e78-af21-b993fd9cf8b0\u003c/Data\u003e\u003cData\u003e\u003c/Data\u003e\u003cData\u003e\u003c/Data\u003e\u003c/EventData\u003e\u003c/Event\u003e",
                            "id":  1000
                        }
                    ],
    "system":  [
                   {
                       "time":  "2026-09-30T23:48:58.8367605+08:00",
                       "xml":  "\u003cEvent xmlns=\u0027http://schemas.microsoft.com/win/2004/08/events/event\u0027\u003e\u003cSystem\u003e\u003cProvider Name=\u0027nvlddmkm\u0027/\u003e\u003cEventID Qualifiers=\u00270\u0027\u003e153\u003c/EventID\u003e\u003cLevel\u003e2\u003c/Level\u003e\u003cTask\u003e0\u003c/Task\u003e\u003cKeywords\u003e0x80000000000000\u003c/Keywords\u003e\u003cTimeCreated SystemTime=\u00272026-09-30T15:48:58.836760500Z\u0027/\u003e\u003cEventRecordID\u003e19479\u003c/EventRecordID\u003e\u003cChannel\u003eSystem\u003c/Channel\u003e\u003cComputer\u003eDESKTOP-C4FOPGI\u003c/Computer\u003e\u003cSecurity/\u003e\u003c/System\u003e\u003cEventData\u003e\u003cData\u003e\\Device\\Video3\u003c/Data\u003e\u003cData\u003eError occurred on GPUID: 100\u003c/Data\u003e\u003cBinary\u003e00000000020030000000000099000000000000000000000000000000000000000000000000000000\u003c/Binary\u003e\u003c/EventData\u003e\u003c/Event\u003e",
                       "provider":  "nvlddmkm"
                   }
               ]
}
